0 info it worked if it ends with ok
1 verbose cli [ '/usr/local/bin/node',
1 verbose cli   '/usr/local/lib/node_modules/npm/bin/npm-cli.js',
1 verbose cli   'run',
1 verbose cli   'package',
1 verbose cli   '--scripts-prepend-node-path=auto' ]
2 info using npm@3.10.10
3 info using node@v6.11.3
4 verbose run-script [ 'prepackage', 'package', 'postpackage' ]
5 info lifecycle typescript-bp@1.0.0~prepackage: typescript-bp@1.0.0
6 silly lifecycle typescript-bp@1.0.0~prepackage: no script for prepackage, continuing
7 info lifecycle typescript-bp@1.0.0~package: typescript-bp@1.0.0
8 verbose lifecycle typescript-bp@1.0.0~package: unsafe-perm in lifecycle true
9 verbose lifecycle typescript-bp@1.0.0~package: PATH: /usr/local/lib/node_modules/npm/bin/node-gyp-bin:/Users/james/Desktop/typescript-bp/node_modules/.bin:/usr/local/bin:/usr/bin:/bin:/usr/sbin:/sbin:/usr/local/go/bin
10 verbose lifecycle typescript-bp@1.0.0~package: CWD: /Users/james/Desktop/typescript-bp
11 silly lifecycle typescript-bp@1.0.0~package: Args: [ '-c',
11 silly lifecycle   'electron-packager . $npm_package_productName --out=dist --ignore=\'^/dist$\' --prune --asar --all --version=$npm_package_electronVersion' ]
12 silly lifecycle typescript-bp@1.0.0~package: Returned: code: 1  signal: null
13 info lifecycle typescript-bp@1.0.0~package: Failed to exec package script
14 verbose stack Error: typescript-bp@1.0.0 package: `electron-packager . $npm_package_productName --out=dist --ignore='^/dist$' --prune --asar --all --version=$npm_package_electronVersion`
14 verbose stack Exit status 1
14 verbose stack     at EventEmitter.<anonymous> (/usr/local/lib/node_modules/npm/lib/utils/lifecycle.js:255:16)
14 verbose stack     at emitTwo (events.js:106:13)
14 verbose stack     at EventEmitter.emit (events.js:191:7)
14 verbose stack     at ChildProcess.<anonymous> (/usr/local/lib/node_modules/npm/lib/utils/spawn.js:40:14)
14 verbose stack     at emitTwo (events.js:106:13)
14 verbose stack     at ChildProcess.emit (events.js:191:7)
14 verbose stack     at maybeClose (internal/child_process.js:920:16)
14 verbose stack     at Process.ChildProcess._handle.onexit (internal/child_process.js:230:5)
15 verbose pkgid typescript-bp@1.0.0
16 verbose cwd /Users/james/Desktop/typescript-bp
17 error Darwin 17.0.0
18 error argv "/usr/local/bin/node" "/usr/local/lib/node_modules/npm/bin/npm-cli.js" "run" "package" "--scripts-prepend-node-path=auto"
19 error node v6.11.3
20 error npm  v3.10.10
21 error code ELIFECYCLE
22 error typescript-bp@1.0.0 package: `electron-packager . $npm_package_productName --out=dist --ignore='^/dist$' --prune --asar --all --version=$npm_package_electronVersion`
22 error Exit status 1
23 error Failed at the typescript-bp@1.0.0 package script 'electron-packager . $npm_package_productName --out=dist --ignore='^/dist$' --prune --asar --all --version=$npm_package_electronVersion'.
23 error Make sure you have the latest version of node.js and npm installed.
23 error If you do, this is most likely a problem with the typescript-bp package,
23 error not with npm itself.
23 error Tell the author that this fails on your system:
23 error     electron-packager . $npm_package_productName --out=dist --ignore='^/dist$' --prune --asar --all --version=$npm_package_electronVersion
23 error You can get information on how to open an issue for this project with:
23 error     npm bugs typescript-bp
23 error Or if that isn't available, you can get their info via:
23 error     npm owner ls typescript-bp
23 error There is likely additional logging output above.
24 verbose exit [ 1, true ]
